<?xml version="1.0" encoding="UTF-8" ?>
<testsuite errors="2" failures="0" hostname="msi-nb" name="com.github.rfq.dffw.example.QuickSort" tests="2" time="0.235" timestamp="2011-09-20T15:19:15">
  <properties>
[...]
</properties>
  <testcase classname="com.github.rfq.dffw.example.QuickSort" name="initializationError" time="0.0">
    <error message="Test class should have exactly one public zero-argument constructor" type="java.lang.Exception">java.lang.Exception: Test class should have exactly one public zero-argument constructor
	at java.lang.reflect.Constructor.newInstance(Constructor.java:525)
</error>
    <error message="No runnable methods" type="java.lang.Exception">java.lang.Exception: No runnable methods
	at java.lang.reflect.Constructor.newInstance(Constructor.java:525)
</error>
  </testcase>
  <system-out><![CDATA[]]></system-out>
  <system-err><![CDATA[]]></system-err>
</testsuite>
